This file contains any messages produced by compilers while
running configure, to aid debugging if configure makes a mistake.

It was created by FreeType configure 2.13.2, which was
generated by GNU Autoconf 2.71.  Invocation command line was

  $ ./configure

## --------- ##
## Platform. ##
## --------- ##

hostname = DESKTOP-I56QK08
uname -m = x86_64
uname -r = 3.4.7.x86_64
uname -s = MSYS_NT-10.0-19042
uname -v = 2023-06-18 15:42 UTC

/usr/bin/uname -p = unknown
/bin/uname -X     = unknown

/bin/arch              = x86_64
/usr/bin/arch -k       = unknown
/usr/convex/getsysinfo = unknown
/usr/bin/hostinfo      = unknown
/bin/machine           = unknown
/usr/bin/oslevel       = unknown
/bin/universe          = unknown

PATH: /cygdrive/c/Windows/system32/
PATH: /cygdrive/c/Windows/
PATH: /cygdrive/c/Windows/System32/Wbem/
PATH: /cygdrive/c/Windows/System32/WindowsPowerShell/v1.0/
PATH: /cygdrive/c/Windows/System32/OpenSSH/
PATH: /cygdrive/c/Program Files/MATLAB/R2023a/bin/
PATH: /cygdrive/c/Program Files/Git/cmd/
PATH: /usr/bin/
PATH: /cygdrive/c/Users/Jonathan/AppData/Local/Programs/Python/Python312/Scripts/
PATH: /cygdrive/c/Users/Jonathan/AppData/Local/Programs/Python/Python312/
PATH: /cygdrive/c/Users/Jonathan/AppData/Local/Programs/Python/Python311/Scripts/
PATH: /cygdrive/c/Users/Jonathan/AppData/Local/Programs/Python/Python311/
PATH: /cygdrive/c/Users/Jonathan/AppData/Local/Microsoft/WindowsApps/
PATH: /cygdrive/c/intelFPGA_lite/19.1/modelsim_ase/win32aloem/
PATH: /cygdrive/c/Users/Jonathan/AppData/Local/Programs/Microsoft VS Code/bin/
PATH: /cygdrive/d/usr/bin/


## ----------- ##
## Core tests. ##
## ----------- ##

configure:2220: loading site script /usr/local/etc/config.site
| # This file is in public domain.
| # Original author: Karlson2k (Evgeny Grin)
| # Written for MSys2 to help running 'configure' scripts
| 
| # Use correct config.site file even if CONFIG_SITE is not set
| if test -r /etc/config.site; then
|   . /etc/config.site
| fi
configure:2581: looking for aux files: install-sh ltmain.sh config.guess config.sub
configure:2594:  trying ./
configure:2605:   ./install-sh found
configure:2623:   ./ltmain.sh found
configure:2623:   ./config.guess found
configure:2623:   ./config.sub found
configure:2754: checking build system type
configure:2769: result: x86_64-pc-msys
configure:2789: checking host system type
configure:2803: result: x86_64-pc-msys
configure:2889: checking for gcc
configure:2910: found /usr/bin/gcc
configure:2921: result: gcc
configure:3274: checking for C compiler version
configure:3283: gcc --version >&5
gcc.exe (Rev6, Built by MSYS2 project) 13.1.0
Copyright (C) 2023 Free Software Foundation, Inc.
This is free software; see the source for copying conditions.  There is NO
warranty; not even for MERCHANTABILITY or FITNESS FOR A PARTICULAR PURPOSE.

configure:3294: $? = 0
configure:3283: gcc -v >&5
Using built-in specs.
COLLECT_GCC=E:\usr\bin\gcc.exe
COLLECT_LTO_WRAPPER=E:/usr/bin/../lib/gcc/x86_64-w64-mingw32/13.1.0/lto-wrapper.exe
Target: x86_64-w64-mingw32
Configured with: ../gcc-13.1.0/configure --prefix=/mingw64 --with-local-prefix=/mingw64/local --build=x86_64-w64-mingw32 --host=x86_64-w64-mingw32 --target=x86_64-w64-mingw32 --with-native-system-header-dir=/mingw64/include --libexecdir=/mingw64/lib --enable-bootstrap --enable-checking=release --with-arch=nocona --with-tune=generic --enable-languages=c,lto,c++,fortran,ada,objc,obj-c++,jit --enable-shared --enable-static --enable-libatomic --enable-threads=posix --enable-graphite --enable-fully-dynamic-string --enable-libstdcxx-filesystem-ts --enable-libstdcxx-time --disable-libstdcxx-pch --enable-lto --enable-libgomp --disable-libssp --disable-multilib --disable-rpath --disable-win32-registry --disable-nls --disable-werror --disable-symvers --with-libiconv --with-system-zlib --with-gmp=/mingw64 --with-mpfr=/mingw64 --with-mpc=/mingw64 --with-isl=/mingw64 --with-pkgversion='Rev6, Built by MSYS2 project' --with-bugurl=https://github.com/msys2/MINGW-packages/issues --with-gnu-as --with-gnu-ld --disable-libstdcxx-debug --with-boot-ldflags=-static-libstdc++ --with-stage1-ldflags=-static-libstdc++
Thread model: posix
Supported LTO compression algorithms: zlib zstd
gcc version 13.1.0 (Rev6, Built by MSYS2 project) 
configure:3294: $? = 0
configure:3283: gcc -V >&5
gcc.exe: error: unrecognized command-line option '-V'
gcc.exe: fatal error: no input files
compilation terminated.
configure:3294: $? = 1
configure:3283: gcc -qversion >&5
gcc.exe: error: unrecognized command-line option '-qversion'; did you mean '--version'?
gcc.exe: fatal error: no input files
compilation terminated.
configure:3294: $? = 1
configure:3283: gcc -version >&5
gcc.exe: error: unrecognized command-line option '-version'
gcc.exe: fatal error: no input files
compilation terminated.
configure:3294: $? = 1
configure:3314: checking whether the C compiler works
configure:3336: gcc    conftest.c  >&5
configure:3340: $? = 0
configure:3390: result: yes
configure:3393: checking for C compiler default output file name
configure:3395: result: a.exe
configure:3401: checking for suffix of executables
configure:3408: gcc -o conftest.exe    conftest.c  >&5
configure:3412: $? = 0
configure:3435: result: .exe
configure:3457: checking whether we are cross compiling
configure:3465: gcc -o conftest.exe    conftest.c  >&5
configure:3469: $? = 0
configure:3476: ./conftest.exe
configure:3480: $? = 0
configure:3495: result: no
configure:3500: checking for suffix of object files
configure:3523: gcc -c   conftest.c >&5
configure:3527: $? = 0
configure:3549: result: o
configure:3553: checking whether the compiler supports GNU C
configure:3573: gcc -c   conftest.c >&5
configure:3573: $? = 0
configure:3583: result: yes
configure:3594: checking whether gcc accepts -g
configure:3615: gcc -c -g  conftest.c >&5
configure:3615: $? = 0
configure:3659: result: yes
configure:3679: checking for gcc option to enable C11 features
configure:3694: gcc  -c -g -O2  conftest.c >&5
configure:3694: $? = 0
configure:3712: result: none needed
configure:3827: checking how to run the C preprocessor
configure:3853: gcc -E  conftest.c
configure:3853: $? = 0
configure:3868: gcc -E  conftest.c
conftest.c:9:10: fatal error: ac_nonexistent.h: No such file or directory
    9 | #include <ac_nonexistent.h>
      |          ^~~~~~~~~~~~~~~~~~
compilation terminated.
configure:3868: $? = 1
configure: failed program was:
| /* confdefs.h */
| #define PACKAGE_NAME "FreeType"
| #define PACKAGE_TARNAME "freetype"
| #define PACKAGE_VERSION "2.13.2"
| #define PACKAGE_STRING "FreeType 2.13.2"
| #define PACKAGE_BUGREPORT "freetype@nongnu.org"
| #define PACKAGE_URL ""
| /* end confdefs.h.  */
| #include <ac_nonexistent.h>
configure:3895: result: gcc -E
configure:3909: gcc -E  conftest.c
configure:3909: $? = 0
configure:3924: gcc -E  conftest.c
conftest.c:9:10: fatal error: ac_nonexistent.h: No such file or directory
    9 | #include <ac_nonexistent.h>
      |          ^~~~~~~~~~~~~~~~~~
compilation terminated.
configure:3924: $? = 1
configure: failed program was:
| /* confdefs.h */
| #define PACKAGE_NAME "FreeType"
| #define PACKAGE_TARNAME "freetype"
| #define PACKAGE_VERSION "2.13.2"
| #define PACKAGE_STRING "FreeType 2.13.2"
| #define PACKAGE_BUGREPORT "freetype@nongnu.org"
| #define PACKAGE_URL ""
| /* end confdefs.h.  */
| #include <ac_nonexistent.h>
configure:4015: checking for pkg-config
configure:4053: result: no
configure:4135: checking how to print strings
configure:4162: result: printf
configure:4183: checking for a sed that does not truncate output
configure:4253: result: /usr/bin/sed
configure:4271: checking for grep that handles long lines and -e
configure:4335: result: /usr/bin/grep
configure:4340: checking for egrep
configure:4408: result: /usr/bin/grep -E
configure:4413: checking for fgrep
configure:4481: result: /usr/bin/grep -F
configure:4517: checking for ld used by gcc
configure:4585: result: E:/usr/x86_64-w64-mingw32/bin/ld.exe
configure:4592: checking if the linker (E:/usr/x86_64-w64-mingw32/bin/ld.exe) is GNU ld
configure:4608: result: yes
configure:4620: checking for BSD- or MS-compatible name lister (nm)
configure:4675: result: /usr/bin/nm -B
configure:4815: checking the name lister (/usr/bin/nm -B) interface
configure:4823: gcc -c -g -O2  conftest.c >&5
configure:4826: /usr/bin/nm -B "conftest.o"
configure:4829: output
0000000000000000 b .bss
0000000000000000 d .data
0000000000000000 N .debug_abbrev
0000000000000000 N .debug_aranges
0000000000000000 N .debug_info
0000000000000000 N .debug_line
0000000000000000 N .debug_line_str
0000000000000000 r .rdata$zzz
0000000000000000 t .text
0000000000000000 B some_variable
configure:4836: result: BSD nm
configure:4839: checking whether ln -s works
configure:4846: result: no, using cp -pR
configure:4851: checking the maximum length of command line arguments
configure:4983: result: 24000
configure:5031: checking how to convert x86_64-pc-msys file names to x86_64-pc-msys format
configure:5072: result: func_convert_file_noop
configure:5079: checking how to convert x86_64-pc-msys file names to toolchain format
configure:5100: result: func_convert_file_noop
configure:5107: checking for E:/usr/x86_64-w64-mingw32/bin/ld.exe option to reload object files
configure:5115: result: -r
configure:5194: checking for file
configure:5215: found /usr/bin/file
configure:5226: result: file
configure:5302: checking for objdump
configure:5323: found /usr/bin/objdump
configure:5334: result: objdump
configure:5363: checking how to recognize dependent libraries
configure:5564: result: unknown
configure:5654: checking for dlltool
configure:5675: found /usr/bin/dlltool
configure:5686: result: dlltool
configure:5716: checking how to associate runtime and link libraries
configure:5744: result: printf %s\n
configure:5810: checking for ar
configure:5831: found /usr/bin/ar
configure:5842: result: ar
configure:5895: checking for archiver @FILE support
configure:5913: gcc -c -g -O2  conftest.c >&5
configure:5913: $? = 0
configure:5917: ar cr libconftest.a @conftest.lst >&5
configure:5920: $? = 0
configure:5925: ar cr libconftest.a @conftest.lst >&5
E:\usr\bin\ar.exe: conftest.o: No such file or directory
configure:5928: $? = 1
configure:5940: result: @
configure:6003: checking for strip
configure:6024: found /usr/bin/strip
configure:6035: result: strip
configure:6112: checking for ranlib
configure:6133: found /usr/bin/ranlib
configure:6144: result: ranlib
configure:6221: checking for gawk
configure:6242: found /usr/bin/gawk
configure:6253: result: gawk
configure:6293: checking command to parse /usr/bin/nm -B output from gcc object
configure:6447: gcc -c -g -O2  conftest.c >&5
configure:6450: $? = 0
configure:6454: /usr/bin/nm -B conftest.o \| /usr/bin/sed -n -e 's/^.*[ ]\([ABCDGIRSTW][ABCDGIRSTW]*\)[ ][ ]*\([_A-Za-z][_A-Za-z0-9]*\)$/\1 \2 \2/p' | /usr/bin/sed '/ __gnu_lto/d' \> conftest.nm
configure:6457: $? = 0
configure:6523: gcc -o conftest.exe -g -O2   conftest.c conftstm.o >&5
configure:6526: $? = 0
configure:6564: result: ok
configure:6611: checking for sysroot
configure:6642: result: no
configure:6649: checking for a working dd
configure:6693: result: 
configure:6697: checking how to truncate binary pipes
configure:6713: result: /usr/bin/sed -e 4q
configure:7050: checking for mt
configure:7085: result: no
configure:7105: checking if : is a manifest tool
configure:7112: : '-?'
configure:7120: result: no
configure:7845: checking for stdio.h
configure:7845: gcc -c -g -O2  conftest.c >&5
configure:7845: $? = 0
configure:7845: result: yes
configure:7845: checking for stdlib.h
configure:7845: gcc -c -g -O2  conftest.c >&5
configure:7845: $? = 0
configure:7845: result: yes
configure:7845: checking for string.h
configure:7845: gcc -c -g -O2  conftest.c >&5
configure:7845: $? = 0
configure:7845: result: yes
configure:7845: checking for inttypes.h
configure:7845: gcc -c -g -O2  conftest.c >&5
configure:7845: $? = 0
configure:7845: result: yes
configure:7845: checking for stdint.h
configure:7845: gcc -c -g -O2  conftest.c >&5
configure:7845: $? = 0
configure:7845: result: yes
configure:7845: checking for strings.h
configure:7845: gcc -c -g -O2  conftest.c >&5
configure:7845: $? = 0
configure:7845: result: yes
configure:7845: checking for sys/stat.h
configure:7845: gcc -c -g -O2  conftest.c >&5
configure:7845: $? = 0
configure:7845: result: yes
configure:7845: checking for sys/types.h
configure:7845: gcc -c -g -O2  conftest.c >&5
configure:7845: $? = 0
configure:7845: result: yes
configure:7845: checking for unistd.h
configure:7845: gcc -c -g -O2  conftest.c >&5
configure:7845: $? = 0
configure:7845: result: yes
configure:7845: checking for sys/param.h
configure:7845: gcc -c -g -O2  conftest.c >&5
configure:7845: $? = 0
configure:7845: result: yes
configure:7870: checking for dlfcn.h
configure:7870: gcc -c -g -O2  conftest.c >&5
conftest.c:49:10: fatal error: dlfcn.h: No such file or directory
   49 | #include <dlfcn.h>
      |          ^~~~~~~~~
compilation terminated.
configure:7870: $? = 1
configure: failed program was:
| /* confdefs.h */
| #define PACKAGE_NAME "FreeType"
| #define PACKAGE_TARNAME "freetype"
| #define PACKAGE_VERSION "2.13.2"
| #define PACKAGE_STRING "FreeType 2.13.2"
| #define PACKAGE_BUGREPORT "freetype@nongnu.org"
| #define PACKAGE_URL ""
| #define HAVE_STDIO_H 1
| #define HAVE_STDLIB_H 1
| #define HAVE_STRING_H 1
| #define HAVE_INTTYPES_H 1
| #define HAVE_STDINT_H 1
| #define HAVE_STRINGS_H 1
| #define HAVE_SYS_STAT_H 1
| #define HAVE_SYS_TYPES_H 1
| #define HAVE_UNISTD_H 1
| #define HAVE_SYS_PARAM_H 1
| #define STDC_HEADERS 1
| /* end confdefs.h.  */
| #include <stddef.h>
| #ifdef HAVE_STDIO_H
| # include <stdio.h>
| #endif
| #ifdef HAVE_STDLIB_H
| # include <stdlib.h>
| #endif
| #ifdef HAVE_STRING_H
| # include <string.h>
| #endif
| #ifdef HAVE_INTTYPES_H
| # include <inttypes.h>
| #endif
| #ifdef HAVE_STDINT_H
| # include <stdint.h>
| #endif
| #ifdef HAVE_STRINGS_H
| # include <strings.h>
| #endif
| #ifdef HAVE_SYS_TYPES_H
| # include <sys/types.h>
| #endif
| #ifdef HAVE_SYS_STAT_H
| # include <sys/stat.h>
| #endif
| #ifdef HAVE_UNISTD_H
| # include <unistd.h>
| #endif
| 
| #include <dlfcn.h>
configure:7870: result: no
configure:8457: checking for objdir
configure:8473: result: .libs
configure:8733: checking if gcc supports -fno-rtti -fno-exceptions
configure:8752: gcc -c -g -O2  -fno-rtti -fno-exceptions conftest.c >&5
cc1.exe: warning: command-line option '-fno-rtti' is valid for C++/D/ObjC++ but not for C
configure:8756: $? = 0
configure:8769: result: no
configure:9127: checking for gcc option to produce PIC
configure:9135: result: -fPIC -DPIC
configure:9143: checking if gcc PIC flag -fPIC -DPIC works
configure:9162: gcc -c -g -O2  -fPIC -DPIC -DPIC conftest.c >&5
configure:9166: $? = 0
configure:9179: result: yes
configure:9208: checking if gcc static flag -static works
configure:9237: result: yes
configure:9252: checking if gcc supports -c -o file.o
configure:9274: gcc -c -g -O2  -o out/conftest2.o conftest.c >&5
configure:9278: $? = 0
configure:9300: result: yes
configure:9308: checking if gcc supports -c -o file.o
configure:9356: result: yes
configure:9389: checking whether the gcc linker (E:/usr/x86_64-w64-mingw32/bin/ld.exe) supports shared libraries
configure:10657: result: yes
configure:10694: checking whether -lc should be explicitly linked in
configure:10703: gcc -c -g -O2  conftest.c >&5
configure:10706: $? = 0
configure:10721: gcc -shared  -fPIC -DPIC conftest.o  -v -Wl,-soname -Wl,conftest -o conftest 2\>\&1 \| /usr/bin/grep  -lc  \>/dev/null 2\>\&1
configure:10724: $? = 1
configure:10738: result: yes
configure:10898: checking dynamic linker characteristics
configure:11719: result: no
configure:11841: checking how to hardcode library paths into programs
configure:11866: result: immediate
configure:12418: checking whether stripping libraries is possible
configure:12427: result: yes
configure:12469: checking if libtool supports shared libraries
configure:12471: result: no
configure:12474: checking whether to build shared libraries
configure:12499: result: no
configure:12502: checking whether to build static libraries
configure:12506: result: yes
configure:12543: checking for windows.h
configure:12543: gcc -c -g -O2  conftest.c >&5
configure:12543: $? = 0
configure:12543: result: yes
configure:12594: checking for windres
configure:12615: found /usr/bin/windres
configure:12626: result: windres
configure:12922: checking for a BSD-compatible install
configure:12995: result: /usr/bin/install -c
configure:13015: checking for a race-free mkdir -p
configure:13059: result: /usr/bin/mkdir -p
configure:13073: checking for fcntl.h
configure:13073: gcc -c -g -O2  conftest.c >&5
configure:13073: $? = 0
configure:13073: result: yes
configure:13079: checking for unistd.h
configure:13079: result: yes
configure:13090: checking for an ANSI C-conforming const
configure:13157: gcc -c -g -O2  conftest.c >&5
configure:13157: $? = 0
configure:13165: result: yes
configure:13200: checking for special C compiler options needed for large files
configure:13248: result: no
configure:13254: checking for _FILE_OFFSET_BITS value needed for large files
configure:13280: gcc -c -g -O2  conftest.c >&5
conftest.c:28:39: warning: result of '-2147483648 << 31' requires 63 bits to represent, but 'long int' only has 32 bits [-Wshift-overflow=]
   28 | #define LARGE_OFF_T (((off_t) 1 << 31 << 31) - 1 + ((off_t) 1 << 31 << 31))
      |                                       ^~
conftest.c:29:23: note: in expansion of macro 'LARGE_OFF_T'
   29 |   int off_t_is_large[(LARGE_OFF_T % 2147483629 == 721
      |                       ^~~~~~~~~~~
conftest.c:28:69: warning: result of '-2147483648 << 31' requires 63 bits to represent, but 'long int' only has 32 bits [-Wshift-overflow=]
   28 | #define LARGE_OFF_T (((off_t) 1 << 31 << 31) - 1 + ((off_t) 1 << 31 << 31))
      |                                                                     ^~
conftest.c:29:23: note: in expansion of macro 'LARGE_OFF_T'
   29 |   int off_t_is_large[(LARGE_OFF_T % 2147483629 == 721
      |                       ^~~~~~~~~~~
conftest.c:28:39: warning: result of '-2147483648 << 31' requires 63 bits to represent, but 'long int' only has 32 bits [-Wshift-overflow=]
   28 | #define LARGE_OFF_T (((off_t) 1 << 31 << 31) - 1 + ((off_t) 1 << 31 << 31))
      |                                       ^~
conftest.c:30:27: note: in expansion of macro 'LARGE_OFF_T'
   30 |                        && LARGE_OFF_T % 2147483647 == 1)
      |                           ^~~~~~~~~~~
conftest.c:28:69: warning: result of '-2147483648 << 31' requires 63 bits to represent, but 'long int' only has 32 bits [-Wshift-overflow=]
   28 | #define LARGE_OFF_T (((off_t) 1 << 31 << 31) - 1 + ((off_t) 1 << 31 << 31))
      |                                                                     ^~
conftest.c:30:27: note: in expansion of macro 'LARGE_OFF_T'
   30 |                        && LARGE_OFF_T % 2147483647 == 1)
      |                           ^~~~~~~~~~~
conftest.c:29:7: error: variably modified 'off_t_is_large' at file scope
   29 |   int off_t_is_large[(LARGE_OFF_T % 2147483629 == 721
      |       ^~~~~~~~~~~~~~
configure:13280: $? = 1
configure: failed program was:
| /* confdefs.h */
| #define PACKAGE_NAME "FreeType"
| #define PACKAGE_TARNAME "freetype"
| #define PACKAGE_VERSION "2.13.2"
| #define PACKAGE_STRING "FreeType 2.13.2"
| #define PACKAGE_BUGREPORT "freetype@nongnu.org"
| #define PACKAGE_URL ""
| #define HAVE_STDIO_H 1
| #define HAVE_STDLIB_H 1
| #define HAVE_STRING_H 1
| #define HAVE_INTTYPES_H 1
| #define HAVE_STDINT_H 1
| #define HAVE_STRINGS_H 1
| #define HAVE_SYS_STAT_H 1
| #define HAVE_SYS_TYPES_H 1
| #define HAVE_UNISTD_H 1
| #define HAVE_SYS_PARAM_H 1
| #define STDC_HEADERS 1
| #define LT_OBJDIR ".libs/"
| #define HAVE_FCNTL_H 1
| #define HAVE_UNISTD_H 1
| /* end confdefs.h.  */
| #include <sys/types.h>
|  /* Check that off_t can represent 2**63 - 1 correctly.
|     We can't simply define LARGE_OFF_T to be 9223372036854775807,
|     since some C++ compilers masquerading as C compilers
|     incorrectly reject 9223372036854775807.  */
| #define LARGE_OFF_T (((off_t) 1 << 31 << 31) - 1 + ((off_t) 1 << 31 << 31))
|   int off_t_is_large[(LARGE_OFF_T % 2147483629 == 721
| 		       && LARGE_OFF_T % 2147483647 == 1)
| 		      ? 1 : -1];
| int
| main (void)
| {
| 
|   ;
|   return 0;
| }
configure:13305: gcc -c -g -O2  conftest.c >&5
configure:13305: $? = 0
configure:13314: result: 64
configure:13425: checking for getpagesize
configure:13425: gcc -o conftest.exe -g -O2   conftest.c  >&5
configure:13425: $? = 0
configure:13425: result: yes
configure:13436: checking for working mmap
configure:13588: gcc -o conftest.exe -g -O2   conftest.c  >&5
conftest.c:79:10: fatal error: sys/mman.h: No such file or directory
   79 | #include <sys/mman.h>
      |          ^~~~~~~~~~~~
compilation terminated.
configure:13588: $? = 1
configure: program exited with status 1
configure: failed program was:
| /* confdefs.h */
| #define PACKAGE_NAME "FreeType"
| #define PACKAGE_TARNAME "freetype"
| #define PACKAGE_VERSION "2.13.2"
| #define PACKAGE_STRING "FreeType 2.13.2"
| #define PACKAGE_BUGREPORT "freetype@nongnu.org"
| #define PACKAGE_URL ""
| #define HAVE_STDIO_H 1
| #define HAVE_STDLIB_H 1
| #define HAVE_STRING_H 1
| #define HAVE_INTTYPES_H 1
| #define HAVE_STDINT_H 1
| #define HAVE_STRINGS_H 1
| #define HAVE_SYS_STAT_H 1
| #define HAVE_SYS_TYPES_H 1
| #define HAVE_UNISTD_H 1
| #define HAVE_SYS_PARAM_H 1
| #define STDC_HEADERS 1
| #define LT_OBJDIR ".libs/"
| #define HAVE_FCNTL_H 1
| #define HAVE_UNISTD_H 1
| #define _FILE_OFFSET_BITS 64
| #define HAVE_GETPAGESIZE 1
| /* end confdefs.h.  */
| #include <stddef.h>
| #ifdef HAVE_STDIO_H
| # include <stdio.h>
| #endif
| #ifdef HAVE_STDLIB_H
| # include <stdlib.h>
| #endif
| #ifdef HAVE_STRING_H
| # include <string.h>
| #endif
| #ifdef HAVE_INTTYPES_H
| # include <inttypes.h>
| #endif
| #ifdef HAVE_STDINT_H
| # include <stdint.h>
| #endif
| #ifdef HAVE_STRINGS_H
| # include <strings.h>
| #endif
| #ifdef HAVE_SYS_TYPES_H
| # include <sys/types.h>
| #endif
| #ifdef HAVE_SYS_STAT_H
| # include <sys/stat.h>
| #endif
| #ifdef HAVE_UNISTD_H
| # include <unistd.h>
| #endif
| /* malloc might have been renamed as rpl_malloc. */
| #undef malloc
| 
| /* Thanks to Mike Haertel and Jim Avera for this test.
|    Here is a matrix of mmap possibilities:
| 	mmap private not fixed
| 	mmap private fixed at somewhere currently unmapped
| 	mmap private fixed at somewhere already mapped
| 	mmap shared not fixed
| 	mmap shared fixed at somewhere currently unmapped
| 	mmap shared fixed at somewhere already mapped
|    For private mappings, we should verify that changes cannot be read()
|    back from the file, nor mmap's back from the file at a different
|    address.  (There have been systems where private was not correctly
|    implemented like the infamous i386 svr4.0, and systems where the
|    VM page cache was not coherent with the file system buffer cache
|    like early versions of FreeBSD and possibly contemporary NetBSD.)
|    For shared mappings, we should conversely verify that changes get
|    propagated back to all the places they're supposed to be.
| 
|    Grep wants private fixed already mapped.
|    The main things grep needs to know about mmap are:
|    * does it exist and is it safe to write into the mmap'd area
|    * how to use it (BSD variants)  */
| 
| #include <fcntl.h>
| #include <sys/mman.h>
| 
| /* This mess was copied from the GNU getpagesize.h.  */
| #ifndef HAVE_GETPAGESIZE
| # ifdef _SC_PAGESIZE
| #  define getpagesize() sysconf(_SC_PAGESIZE)
| # else /* no _SC_PAGESIZE */
| #  ifdef HAVE_SYS_PARAM_H
| #   include <sys/param.h>
| #   ifdef EXEC_PAGESIZE
| #    define getpagesize() EXEC_PAGESIZE
| #   else /* no EXEC_PAGESIZE */
| #    ifdef NBPG
| #     define getpagesize() NBPG * CLSIZE
| #     ifndef CLSIZE
| #      define CLSIZE 1
| #     endif /* no CLSIZE */
| #    else /* no NBPG */
| #     ifdef NBPC
| #      define getpagesize() NBPC
| #     else /* no NBPC */
| #      ifdef PAGESIZE
| #       define getpagesize() PAGESIZE
| #      endif /* PAGESIZE */
| #     endif /* no NBPC */
| #    endif /* no NBPG */
| #   endif /* no EXEC_PAGESIZE */
| #  else /* no HAVE_SYS_PARAM_H */
| #   define getpagesize() 8192	/* punt totally */
| #  endif /* no HAVE_SYS_PARAM_H */
| # endif /* no _SC_PAGESIZE */
| 
| #endif /* no HAVE_GETPAGESIZE */
| 
| int
| main (void)
| {
|   char *data, *data2, *data3;
|   const char *cdata2;
|   int i, pagesize;
|   int fd, fd2;
| 
|   pagesize = getpagesize ();
| 
|   /* First, make a file with some known garbage in it. */
|   data = (char *) malloc (pagesize);
|   if (!data)
|     return 1;
|   for (i = 0; i < pagesize; ++i)
|     *(data + i) = rand ();
|   umask (0);
|   fd = creat ("conftest.mmap", 0600);
|   if (fd < 0)
|     return 2;
|   if (write (fd, data, pagesize) != pagesize)
|     return 3;
|   close (fd);
| 
|   /* Next, check that the tail of a page is zero-filled.  File must have
|      non-zero length, otherwise we risk SIGBUS for entire page.  */
|   fd2 = open ("conftest.txt", O_RDWR | O_CREAT | O_TRUNC, 0600);
|   if (fd2 < 0)
|     return 4;
|   cdata2 = "";
|   if (write (fd2, cdata2, 1) != 1)
|     return 5;
|   data2 = (char *) mmap (0, pagesize, PROT_READ | PROT_WRITE, MAP_SHARED, fd2, 0L);
|   if (data2 == MAP_FAILED)
|     return 6;
|   for (i = 0; i < pagesize; ++i)
|     if (*(data2 + i))
|       return 7;
|   close (fd2);
|   if (munmap (data2, pagesize))
|     return 8;
| 
|   /* Next, try to mmap the file at a fixed address which already has
|      something else allocated at it.  If we can, also make sure that
|      we see the same garbage.  */
|   fd = open ("conftest.mmap", O_RDWR);
|   if (fd < 0)
|     return 9;
|   if (data2 != mmap (data2, pagesize, PROT_READ | PROT_WRITE,
| 		     MAP_PRIVATE | MAP_FIXED, fd, 0L))
|     return 10;
|   for (i = 0; i < pagesize; ++i)
|     if (*(data + i) != *(data2 + i))
|       return 11;
| 
|   /* Finally, make sure that changes to the mapped area do not
|      percolate back to the file as seen by read().  (This is a bug on
|      some variants of i386 svr4.0.)  */
|   for (i = 0; i < pagesize; ++i)
|     *(data2 + i) = *(data2 + i) + 1;
|   data3 = (char *) malloc (pagesize);
|   if (!data3)
|     return 12;
|   if (read (fd, data3, pagesize) != pagesize)
|     return 13;
|   for (i = 0; i < pagesize; ++i)
|     if (*(data + i) != *(data3 + i))
|       return 14;
|   close (fd);
|   free (data);
|   free (data3);
|   return 0;
| }
configure:13599: result: no
configure:13768: checking gcc compiler flag -pedantic to assure ANSI C99 works correctly
configure:13795: gcc -c -g -O2  -pedantic  conftest.c >&5
configure:13795: $? = 0
configure:13797: result: ok, adding to XX_ANSIFLAGS
configure:13768: checking gcc compiler flag -std=c99 to assure ANSI C99 works correctly
configure:13795: gcc -c -g -O2  -pedantic -std=c99  conftest.c >&5
configure:13795: $? = 0
configure:13797: result: ok, adding to XX_ANSIFLAGS
configure:13831: checking for -fvisibility=hidden compiler flag
configure:13846: gcc -o conftest.exe -g -O2 -fvisibility=hidden   conftest.c  >&5
configure:13846: $? = 0
configure:13849: result: yes
configure:13934: checking for ZLIB
configure:13993: result: no
configure:14019: checking for gzsetparams in -lz
configure:14042: gcc -o conftest.exe -g -O2 -fvisibility=hidden   conftest.c -lz   >&5
configure:14042: $? = 0
configure:14052: result: yes
configure:14056: checking for zlib.h
configure:14056: gcc -c -g -O2 -fvisibility=hidden  conftest.c >&5
configure:14056: $? = 0
configure:14056: result: yes
configure:14111: checking for BZIP2
configure:14170: result: no
configure:14196: checking for BZ2_bzDecompress in -lbz2
configure:14219: gcc -o conftest.exe -g -O2 -fvisibility=hidden   conftest.c -lbz2   >&5
E:/usr/bin/../lib/gcc/x86_64-w64-mingw32/13.1.0/../../../../x86_64-w64-mingw32/bin/ld.exe: cannot find -lbz2: No such file or directory
collect2.exe: error: ld returned 1 exit status
configure:14219: $? = 1
configure: failed program was:
| /* confdefs.h */
| #define PACKAGE_NAME "FreeType"
| #define PACKAGE_TARNAME "freetype"
| #define PACKAGE_VERSION "2.13.2"
| #define PACKAGE_STRING "FreeType 2.13.2"
| #define PACKAGE_BUGREPORT "freetype@nongnu.org"
| #define PACKAGE_URL ""
| #define HAVE_STDIO_H 1
| #define HAVE_STDLIB_H 1
| #define HAVE_STRING_H 1
| #define HAVE_INTTYPES_H 1
| #define HAVE_STDINT_H 1
| #define HAVE_STRINGS_H 1
| #define HAVE_SYS_STAT_H 1
| #define HAVE_SYS_TYPES_H 1
| #define HAVE_UNISTD_H 1
| #define HAVE_SYS_PARAM_H 1
| #define STDC_HEADERS 1
| #define LT_OBJDIR ".libs/"
| #define HAVE_FCNTL_H 1
| #define HAVE_UNISTD_H 1
| #define _FILE_OFFSET_BITS 64
| #define HAVE_GETPAGESIZE 1
| /* end confdefs.h.  */
| 
| /* Override any GCC internal prototype to avoid an error.
|    Use char because int might match the return type of a GCC
|    builtin and then its argument prototype would still apply.  */
| char BZ2_bzDecompress ();
| int
| main (void)
| {
| return BZ2_bzDecompress ();
|   ;
|   return 0;
| }
configure:14229: result: no
configure:14282: checking for LIBPNG
configure:14341: result: no
configure:14369: checking for libpng-config
configure:14402: result: no
configure:14454: checking for HARFBUZZ
configure:14513: result: no
configure:14579: checking for BROTLI
configure:14638: result: no
configure:14686: checking for library containing clock_gettime
configure:14716: gcc -o conftest.exe -g -O2 -fvisibility=hidden   conftest.c  >&5
configure:14716: $? = 0
configure:14736: result: none required
configure:14765: checking for LIBRSVG
configure:14824: result: no
configure:15442: checking target system type
configure:15456: result: x86_64-pc-msys
configure:15643: checking whether gcc is Clang
configure:15670: result: no
configure:15735: checking whether pthreads work with "-pthread" and "-lpthread"
configure:15846: gcc -o conftest.exe -g -O2 -fvisibility=hidden -pthread   conftest.c -lpthread  >&5
configure:15846: $? = 0
configure:15856: result: yes
configure:15979: checking for joinable pthread attribute
configure:15998: gcc -o conftest.exe -g -O2 -fvisibility=hidden -pthread   conftest.c -lpthread  >&5
configure:15998: $? = 0
configure:16007: result: PTHREAD_CREATE_JOINABLE
configure:16020: checking whether more special flags are required for pthreads
configure:16034: result: no
configure:16043: checking for PTHREAD_PRIO_INHERIT
configure:16061: gcc -o conftest.exe -g -O2 -fvisibility=hidden -pthread   conftest.c -lpthread  >&5
configure:16061: $? = 0
configure:16071: result: yes
configure:16255: checking for python3
configure:16276: found /usr/bin/python3
configure:16287: result: python3
configure:16309: checking for python version
configure:16314: result: 3.11.3
configure:16374: checking for `docwriter' Python module
configure:16382: result: no
configure:16646: creating ./config.status

## ---------------------- ##
## Running config.status. ##
## ---------------------- ##

This file was extended by FreeType config.status 2.13.2, which was
generated by GNU Autoconf 2.71.  Invocation command line was

  CONFIG_FILES    = 
  CONFIG_HEADERS  = 
  CONFIG_LINKS    = 
  CONFIG_COMMANDS = 
  $ ./config.status 

on DESKTOP-I56QK08

config.status:1142: creating ftoption.h
config.status:1142: creating unix-cc.mk
config.status:1142: creating unix-def.mk
config.status:1142: creating ftconfig.h
config.status:1337: executing libtool commands
configure:18888:

Library configuration:
  external zlib: yes (autoconf test)
  bzip2:         no
  libpng:        no
  harfbuzz:      no
  brotli:        no
  pthread:       yes

configure:18912: WARNING:
  `make refdoc' will fail since pip package `docwriter' is not installed.
  To install, run `python3 -m pip install docwriter', or to use a Python
  virtual environment, run `make refdoc-venv' (requires pip package
  `virtualenv').  These operations require Python >= 3.5.
  

## ---------------- ##
## Cache variables. ##
## ---------------- ##

ac_cv_build=x86_64-pc-msys
ac_cv_c_compiler_gnu=yes
ac_cv_c_const=yes
ac_cv_env_BROTLI_CFLAGS_set=
ac_cv_env_BROTLI_CFLAGS_value=
ac_cv_env_BROTLI_LIBS_set=
ac_cv_env_BROTLI_LIBS_value=
ac_cv_env_build_alias_set=
ac_cv_env_build_alias_value=
ac_cv_env_BZIP2_CFLAGS_set=
ac_cv_env_BZIP2_CFLAGS_value=
ac_cv_env_BZIP2_LIBS_set=
ac_cv_env_BZIP2_LIBS_value=
ac_cv_env_CC_set=
ac_cv_env_CC_value=
ac_cv_env_CFLAGS_set=
ac_cv_env_CFLAGS_value=
ac_cv_env_CPP_set=
ac_cv_env_CPP_value=
ac_cv_env_CPPFLAGS_set=
ac_cv_env_CPPFLAGS_value=
ac_cv_env_HARFBUZZ_CFLAGS_set=
ac_cv_env_HARFBUZZ_CFLAGS_value=
ac_cv_env_HARFBUZZ_LIBS_set=
ac_cv_env_HARFBUZZ_LIBS_value=
ac_cv_env_host_alias_set=
ac_cv_env_host_alias_value=
ac_cv_env_LDFLAGS_set=
ac_cv_env_LDFLAGS_value=
ac_cv_env_LIBPNG_CFLAGS_set=
ac_cv_env_LIBPNG_CFLAGS_value=
ac_cv_env_LIBPNG_LIBS_set=
ac_cv_env_LIBPNG_LIBS_value=
ac_cv_env_LIBRSVG_CFLAGS_set=
ac_cv_env_LIBRSVG_CFLAGS_value=
ac_cv_env_LIBRSVG_LIBS_set=
ac_cv_env_LIBRSVG_LIBS_value=
ac_cv_env_LIBS_set=
ac_cv_env_LIBS_value=
ac_cv_env_LT_SYS_LIBRARY_PATH_set=
ac_cv_env_LT_SYS_LIBRARY_PATH_value=
ac_cv_env_PKG_CONFIG_LIBDIR_set=
ac_cv_env_PKG_CONFIG_LIBDIR_value=
ac_cv_env_PKG_CONFIG_PATH_set=
ac_cv_env_PKG_CONFIG_PATH_value=
ac_cv_env_PKG_CONFIG_set=
ac_cv_env_PKG_CONFIG_value=
ac_cv_env_target_alias_set=
ac_cv_env_target_alias_value=
ac_cv_env_ZLIB_CFLAGS_set=
ac_cv_env_ZLIB_CFLAGS_value=
ac_cv_env_ZLIB_LIBS_set=
ac_cv_env_ZLIB_LIBS_value=
ac_cv_exeext=.exe
ac_cv_func_getpagesize=yes
ac_cv_func_mmap_fixed_mapped=no
ac_cv_header_dlfcn_h=no
ac_cv_header_fcntl_h=yes
ac_cv_header_inttypes_h=yes
ac_cv_header_stdint_h=yes
ac_cv_header_stdio_h=yes
ac_cv_header_stdlib_h=yes
ac_cv_header_string_h=yes
ac_cv_header_strings_h=yes
ac_cv_header_sys_param_h=yes
ac_cv_header_sys_stat_h=yes
ac_cv_header_sys_types_h=yes
ac_cv_header_unistd_h=yes
ac_cv_header_windows_h=yes
ac_cv_header_zlib_h=yes
ac_cv_host=x86_64-pc-msys
ac_cv_lib_bz2_BZ2_bzDecompress=no
ac_cv_lib_z_gzsetparams=yes
ac_cv_objext=o
ac_cv_path_EGREP='/usr/bin/grep -E'
ac_cv_path_FGREP='/usr/bin/grep -F'
ac_cv_path_GREP=/usr/bin/grep
ac_cv_path_install='/usr/bin/install -c'
ac_cv_path_mkdir=/usr/bin/mkdir
ac_cv_path_SED=/usr/bin/sed
ac_cv_prog_ac_ct_AR=ar
ac_cv_prog_ac_ct_CC=gcc
ac_cv_prog_ac_ct_DLLTOOL=dlltool
ac_cv_prog_ac_ct_FILECMD=file
ac_cv_prog_ac_ct_OBJDUMP=objdump
ac_cv_prog_ac_ct_RANLIB=ranlib
ac_cv_prog_ac_ct_RC=windres
ac_cv_prog_ac_ct_STRIP=strip
ac_cv_prog_AWK=gawk
ac_cv_prog_cc_c11=
ac_cv_prog_cc_g=yes
ac_cv_prog_cc_stdc=
ac_cv_prog_CPP='gcc -E'
ac_cv_prog_have_libpng=no
ac_cv_prog_PYTHON=python3
ac_cv_search_clock_gettime='none required'
ac_cv_sys_file_offset_bits=64
ac_cv_sys_largefile_CC=no
ac_cv_target=x86_64-pc-msys
ax_cv_PTHREAD_CLANG=no
ax_cv_PTHREAD_JOINABLE_ATTR=PTHREAD_CREATE_JOINABLE
ax_cv_PTHREAD_PRIO_INHERIT=yes
ax_cv_PTHREAD_SPECIAL_FLAGS=no
lt_cv_ar_at_file=@
lt_cv_archive_cmds_need_lc=yes
lt_cv_deplibs_check_method=unknown
lt_cv_file_magic_cmd='$MAGIC_CMD'
lt_cv_file_magic_test_file=
lt_cv_ld_reload_flag=-r
lt_cv_nm_interface='BSD nm'
lt_cv_objdir=.libs
lt_cv_path_LD=E:/usr/x86_64-w64-mingw32/bin/ld.exe
lt_cv_path_mainfest_tool=no
lt_cv_path_NM='/usr/bin/nm -B'
lt_cv_prog_compiler_c_o_RC=yes
lt_cv_prog_compiler_c_o=yes
lt_cv_prog_compiler_pic_works=yes
lt_cv_prog_compiler_pic='-fPIC -DPIC'
lt_cv_prog_compiler_rtti_exceptions=no
lt_cv_prog_compiler_static_works=yes
lt_cv_prog_gnu_ld=yes
lt_cv_sharedlib_from_linklib_cmd='printf %s\n'
lt_cv_sys_global_symbol_pipe='/usr/bin/sed -n -e '\''s/^.*[	 ]\([ABCDGIRSTW][ABCDGIRSTW]*\)[	 ][	 ]*\([_A-Za-z][_A-Za-z0-9]*\)$/\1 \2 \2/p'\'' | /usr/bin/sed '\''/ __gnu_lto/d'\'''
lt_cv_sys_global_symbol_to_c_name_address_lib_prefix='/usr/bin/sed -n -e '\''s/^: \(.*\) .*$/  {"\1", (void *) 0},/p'\'' -e '\''s/^[ABCDGIRSTW][ABCDGIRSTW]* .* \(lib.*\)$/  {"\1", (void *) \&\1},/p'\'' -e '\''s/^[ABCDGIRSTW][ABCDGIRSTW]* .* \(.*\)$/  {"lib\1", (void *) \&\1},/p'\'''
lt_cv_sys_global_symbol_to_c_name_address='/usr/bin/sed -n -e '\''s/^: \(.*\) .*$/  {"\1", (void *) 0},/p'\'' -e '\''s/^[ABCDGIRSTW][ABCDGIRSTW]* .* \(.*\)$/  {"\1", (void *) \&\1},/p'\'''
lt_cv_sys_global_symbol_to_cdecl='/usr/bin/sed -n -e '\''s/^T .* \(.*\)$/extern int \1();/p'\'' -e '\''s/^[ABCDGIRSTW][ABCDGIRSTW]* .* \(.*\)$/extern char \1;/p'\'''
lt_cv_sys_global_symbol_to_import=
lt_cv_sys_max_cmd_len=24000
lt_cv_to_host_file_cmd=func_convert_file_noop
lt_cv_to_tool_file_cmd=func_convert_file_noop
lt_cv_truncate_bin='/usr/bin/sed -e 4q'

## ----------------- ##
## Output variables. ##
## ----------------- ##

ac_ct_AR='ar'
ac_ct_CC='gcc'
ac_ct_DUMPBIN=''
AR='ar'
AS='as'
AWK='gawk'
ax_pthread_config=''
bindir='${exec_prefix}/bin'
BROTLI_CFLAGS=''
BROTLI_LIBS=''
build_alias=''
build_cpu='x86_64'
build_libtool_libs=''
build_os='msys'
build_vendor='pc'
build='x86_64-pc-msys'
BZIP2_CFLAGS=''
BZIP2_LIBS=''
CC_BUILD='gcc'
CC='gcc'
CFLAGS='-g -O2 -fvisibility=hidden  -pthread'
CPP='gcc -E'
CPPFLAGS=''
datadir='${datarootdir}'
datarootdir='${prefix}/share'
DEFS='-DHAVE_CONFIG_H'
DLLTOOL='dlltool'
docdir='${datarootdir}/doc/${PACKAGE_TARNAME}'
DSYMUTIL=''
DUMPBIN=''
dvidir='${docdir}'
ECHO_C=''
ECHO_N='-n'
ECHO_T=''
EGREP='/usr/bin/grep -E'
exec_prefix='${prefix}'
EXEEXT_BUILD='.exe'
EXEEXT='.exe'
FGREP='/usr/bin/grep -F'
FILECMD='file'
FT_DEMO_CFLAGS=''
FT_DEMO_LDFLAGS=''
ft_version='26.1.20'
ftmac_c=''
FTSYS_SRC='$(BASE_DIR)/ftsystem.c'
GREP='/usr/bin/grep'
hardcode_libdir_flag_spec='$wl-rpath $wl$libdir'
HARFBUZZ_CFLAGS=''
HARFBUZZ_LIBS=''
have_libpng='no'
host_alias=''
host_cpu='x86_64'
host_os='msys'
host_vendor='pc'
host='x86_64-pc-msys'
htmldir='${docdir}'
includedir='${prefix}/include'
infodir='${datarootdir}/info'
INSTALL_DATA='${INSTALL} -m 644'
INSTALL_FT2_CONFIG='FALSE'
INSTALL_PROGRAM='${INSTALL}'
INSTALL_SCRIPT='${INSTALL}'
LD='E:/usr/x86_64-w64-mingw32/bin/ld.exe'
LDFLAGS=' -lz -pthread -lpthread'
libdir='${exec_prefix}/lib'
libexecdir='${exec_prefix}/libexec'
LIBOBJS=''
LIBPNG_CFLAGS=''
LIBPNG_LIBS=''
LIBRSVG_CFLAGS=''
LIBRSVG_LIBS=''
LIBS=''
LIBSSTATIC_CONFIG='-lfreetype -lz'
LIBTOOL='$(SHELL) $(top_builddir)/libtool'
LIPO=''
LN_S='cp -pR'
localedir='${datarootdir}/locale'
localstatedir='${prefix}/var'
LT_SYS_LIBRARY_PATH=''
LTLIBOBJS=''
mandir='${datarootdir}/man'
MANIFEST_TOOL=':'
MKDIR_P='/usr/bin/mkdir -p'
NM='/usr/bin/nm -B'
NMEDIT=''
OBJDUMP='objdump'
OBJEXT='o'
oldincludedir='/usr/include'
OTOOL=''
OTOOL64=''
PACKAGE_BUGREPORT='freetype@nongnu.org'
PACKAGE_NAME='FreeType'
PACKAGE_STRING='FreeType 2.13.2'
PACKAGE_TARNAME='freetype'
PACKAGE_URL=''
PACKAGE_VERSION='2.13.2'
PATH_SEPARATOR=':'
pdfdir='${docdir}'
PKG_CONFIG_LIBDIR=''
PKG_CONFIG_PATH=''
PKG_CONFIG=''
PKGCONFIG_LIBS_PRIVATE=''
PKGCONFIG_LIBS='-L${libdir} -lfreetype -lz'
PKGCONFIG_REQUIRES_PRIVATE=''
PKGCONFIG_REQUIRES=' '
prefix='/usr/local'
program_transform_name='s,x,x,'
psdir='${docdir}'
PTHREAD_CC='gcc'
PTHREAD_CFLAGS='-pthread'
PTHREAD_CXX=''
PTHREAD_LIBS='-lpthread'
PYTHON_VERSION='3.11.3'
PYTHON='python3'
RANLIB='ranlib'
RC='windres'
runstatedir='${localstatedir}/run'
sbindir='${exec_prefix}/sbin'
SED='/usr/bin/sed'
sharedstatedir='${prefix}/com'
SHELL='/bin/sh'
STRIP='strip'
sysconfdir='${prefix}/etc'
SYSTEM_ZLIB='yes'
target_alias=''
target_cpu='x86_64'
target_os='msys'
target_vendor='pc'
target='x86_64-pc-msys'
version_info='26:1:20'
wl='-Wl,'
XX_ANSIFLAGS=' -pedantic -std=c99'
XX_CFLAGS='-Wall'
ZLIB_CFLAGS=''
ZLIB_LIBS='-lz'

## ----------- ##
## confdefs.h. ##
## ----------- ##

/* confdefs.h */
#define PACKAGE_NAME "FreeType"
#define PACKAGE_TARNAME "freetype"
#define PACKAGE_VERSION "2.13.2"
#define PACKAGE_STRING "FreeType 2.13.2"
#define PACKAGE_BUGREPORT "freetype@nongnu.org"
#define PACKAGE_URL ""
#define HAVE_STDIO_H 1
#define HAVE_STDLIB_H 1
#define HAVE_STRING_H 1
#define HAVE_INTTYPES_H 1
#define HAVE_STDINT_H 1
#define HAVE_STRINGS_H 1
#define HAVE_SYS_STAT_H 1
#define HAVE_SYS_TYPES_H 1
#define HAVE_UNISTD_H 1
#define HAVE_SYS_PARAM_H 1
#define STDC_HEADERS 1
#define LT_OBJDIR ".libs/"
#define HAVE_FCNTL_H 1
#define HAVE_UNISTD_H 1
#define _FILE_OFFSET_BITS 64
#define HAVE_GETPAGESIZE 1
#define HAVE_PTHREAD_PRIO_INHERIT 1

configure: exit 0
